2021-07-19 13:21:51,343 : INFO : Connected to MongoDB...
2021-07-19 13:21:51,346 : INFO : Found Existed DataBase...
2021-07-19 13:21:51,347 : INFO : Current Date : 01-Jan-2021
2021-07-19 13:21:51,348 : INFO : Checking fetch status for Date : 01-Jan-2021
2021-07-19 13:21:51,349 : INFO : Fetch Status for Date : 01-Jan-2021 :: False
2021-07-19 13:21:51,349 : INFO : Data Not Present in DB, Start Extraction for Date : 01-Jan-2021
2021-07-19 13:21:51,349 : INFO : Start Validation : Bajra :: 01-Jan-2021
2021-07-19 13:21:51,350 : INFO : Validation Status : True
2021-07-19 13:22:17,196 : INFO : Data Extracted Process is done for page : 1 :: DF Length: 52
2021-07-19 13:22:17,196 : INFO : Extracting Page : 2
2021-07-19 13:22:27,362 : INFO : Data Extracted Process is done for page : 2 :: DF Length: 52
2021-07-19 13:22:27,362 : INFO : Extracting Page : 3
2021-07-19 13:22:37,529 : INFO : Data Extracted Process is done for page : 3 :: DF Length: 47
2021-07-19 13:22:37,529 : INFO : Extracting Page : 4
2021-07-19 13:22:37,541 : ERROR : Exception during page : 4 :: Message: no such element: Unable to locate element: {"method":"xpath","selector":"//*[@id="cphBody_GridPriceData"]/tbody/tr[52]/td/table/tbody/tr/td[3]/input"}
  (Session info: chrome=91.0.4472.124)
Traceback (most recent call last):
  File "C:\Users\tarun\PycharmProjects\internship\python_scripts\Agmarknet\modules\extractor.py", line 36, in next_to_second
    if driver.find_element_by_xpath(nextElemPath):
  File "C:\Users\tarun\anaconda3\envs\internship\lib\site-packages\selenium\webdriver\remote\webdriver.py", line 394, in find_element_by_xpath
    return self.find_element(by=By.XPATH, value=xpath)
  File "C:\Users\tarun\anaconda3\envs\internship\lib\site-packages\selenium\webdriver\remote\webdriver.py", line 978, in find_element
    'value': value})['value']
  File "C:\Users\tarun\anaconda3\envs\internship\lib\site-packages\selenium\webdriver\remote\webdriver.py", line 321, in execute
    self.error_handler.check_response(response)
  File "C:\Users\tarun\anaconda3\envs\internship\lib\site-packages\selenium\webdriver\remote\errorhandler.py", line 242, in check_response
    raise exception_class(message, screen, stacktrace)
selenium.common.exceptions.NoSuchElementException: Message: no such element: Unable to locate element: {"method":"xpath","selector":"//*[@id="cphBody_GridPriceData"]/tbody/tr[52]/td/table/tbody/tr/td[3]/input"}
  (Session info: chrome=91.0.4472.124)

2021-07-19 13:22:37,571 : INFO : Length of Final DF : 145
2021-07-19 13:22:37,572 : INFO :     district     market  ... modal_price price_date
0     Amreli     Amreli  ...      1650.0 2021-01-01
1    Mehsana  Becharaji  ...      1200.0 2021-01-01
2  Bhavnagar  Bhavnagar  ...      1305.0 2021-01-01

[3 rows x 9 columns]
2021-07-19 13:22:37,601 : INFO : Values Inserted for Commodity : Bajra :: Date : 01-Jan-2021
2021-07-19 13:22:37,602 : INFO : Current Date : 02-Jan-2021
2021-07-19 13:22:37,602 : INFO : Checking fetch status for Date : 02-Jan-2021
2021-07-19 13:22:37,604 : INFO : Fetch Status for Date : 02-Jan-2021 :: False
2021-07-19 13:22:37,604 : INFO : Data Not Present in DB, Start Extraction for Date : 02-Jan-2021
2021-07-19 13:22:37,604 : INFO : Start Validation : Bajra :: 02-Jan-2021
2021-07-19 13:22:37,604 : INFO : Validation Status : True
2021-07-19 13:22:53,367 : INFO : Data Extracted Process is done for page : 1 :: DF Length: 52
2021-07-19 13:22:53,368 : INFO : Extracting Page : 2
2021-07-19 13:23:03,536 : INFO : Data Extracted Process is done for page : 2 :: DF Length: 52
2021-07-19 13:23:03,536 : INFO : Extracting Page : 3
2021-07-19 13:23:13,711 : INFO : Data Extracted Process is done for page : 3 :: DF Length: 52
2021-07-19 13:23:13,711 : INFO : Extracting Page : 4
2021-07-19 13:23:23,858 : INFO : Data Extracted Process is done for page : 4 :: DF Length: 13
2021-07-19 13:23:23,858 : INFO : Extracting Page : 5
2021-07-19 13:23:23,890 : ERROR : Exception during page : 5 :: Message: no such element: Unable to locate element: {"method":"xpath","selector":"//*[@id="cphBody_GridPriceData"]/tbody/tr[52]/td/table/tbody/tr/td[3]/input"}
  (Session info: chrome=91.0.4472.124)
Traceback (most recent call last):
  File "C:\Users\tarun\PycharmProjects\internship\python_scripts\Agmarknet\modules\extractor.py", line 36, in next_to_second
    if driver.find_element_by_xpath(nextElemPath):
  File "C:\Users\tarun\anaconda3\envs\internship\lib\site-packages\selenium\webdriver\remote\webdriver.py", line 394, in find_element_by_xpath
    return self.find_element(by=By.XPATH, value=xpath)
  File "C:\Users\tarun\anaconda3\envs\internship\lib\site-packages\selenium\webdriver\remote\webdriver.py", line 978, in find_element
    'value': value})['value']
  File "C:\Users\tarun\anaconda3\envs\internship\lib\site-packages\selenium\webdriver\remote\webdriver.py", line 321, in execute
    self.error_handler.check_response(response)
  File "C:\Users\tarun\anaconda3\envs\internship\lib\site-packages\selenium\webdriver\remote\errorhandler.py", line 242, in check_response
    raise exception_class(message, screen, stacktrace)
selenium.common.exceptions.NoSuchElementException: Message: no such element: Unable to locate element: {"method":"xpath","selector":"//*[@id="cphBody_GridPriceData"]/tbody/tr[52]/td/table/tbody/tr/td[3]/input"}
  (Session info: chrome=91.0.4472.124)

2021-07-19 13:23:23,898 : INFO : Length of Final DF : 161
2021-07-19 13:23:23,898 : INFO :     district     market  ... modal_price price_date
0     Amreli     Amreli  ...      1365.0 2021-01-02
1    Mehsana  Becharaji  ...      1125.0 2021-01-02
2  Bhavnagar  Bhavnagar  ...      1355.0 2021-01-02

[3 rows x 9 columns]
2021-07-19 13:23:23,921 : INFO : Values Inserted for Commodity : Bajra :: Date : 02-Jan-2021
